<component name="libraryTable">
  <library name="junit-platform-commons-1.9.3">
    <CLASSES>
      <root url="jar://$PROJECT_DIR$/test/junit-platform-commons-1.9.3.jar!/" />
    </CLASSES>
    <JAVADOC />
    <SOURCES />
  </library>
</component>